<?xml version="1.0" encoding="UTF-8"?>
<testsuite xmlns:xsi="http://www.w3.org/2001/XMLSchema-instance" xsi:noNamespaceSchemaLocation="https://maven.apache.org/surefire/maven-surefire-plugin/xsd/surefire-test-report.xsd" version="3.0.2" name="com.ncu.hospital.authenticationservice.AuthenticationserviceApplicationTests" time="5.013" tests="1" errors="0" skipped="0" failures="0">
  <properties>
[...]
</properties>
  <testcase name="contextLoads" classname="com.ncu.hospital.authenticationservice.AuthenticationserviceApplicationTests" time="0.449">
    <system-out><![CDATA[16:51:12.774 [main] INFO org.springframework.test.context.support.AnnotationConfigContextLoaderUtils -- Could not detect default configuration classes for test class [com.ncu.hospital.authenticationservice.AuthenticationserviceApplicationTests]: AuthenticationserviceApplicationTests does not declare any static, non-private, non-final, nested classes annotated with @Configuration.
16:51:12.838 [main] INFO org.springframework.boot.test.context.SpringBootTestContextBootstrapper -- Found @SpringBootConfiguration com.ncu.hospital.authenticationservice.AuthenticationserviceApplication for test class com.ncu.hospital.authenticationservice.AuthenticationserviceApplicationTests

  .   ____          _            __ _ _
 /\\ / ___'_ __ _ _(_)_ __  __ _ \ \ \ \
( ( )\___ | '_ | '_| | '_ \/ _` | \ \ \ \
 \\/  ___)| |_)| | | | | || (_| |  ) ) ) )
  '  |____| .__|_| |_|_| |_\__, | / / / /
 =========|_|==============|___/=/_/_/_/

 :: Spring Boot ::                (v3.5.3)

2025-10-05T16:51:15.270+05:30  INFO 86446 --- [authenticationservice] [           main] .a.AuthenticationserviceApplicationTests : Starting AuthenticationserviceApplicationTests using Java 24.0.2 with PID 86446 (started by priyanshu in /Users/priyanshu/Desktop/Microservices/Hospital Management System/Hospital_Management_System/authenticationservice)
2025-10-05T16:51:15.271+05:30  INFO 86446 --- [authenticationservice] [           main] .a.AuthenticationserviceApplicationTests : No active profile set, falling back to 1 default profile: "default"
2025-10-05T16:51:15.286+05:30  INFO 86446 --- [authenticationservice] [           main] o.s.c.c.c.ConfigServerConfigDataLoader   : Fetching config from server at : http://localhost:8888
2025-10-05T16:51:15.286+05:30  INFO 86446 --- [authenticationservice] [           main] o.s.c.c.c.ConfigServerConfigDataLoader   : Located environment: name=authenticationservice, profiles=[default], label=null, version=null, state=null
2025-10-05T16:51:15.617+05:30  INFO 86446 --- [authenticationservice] [           main] .s.d.r.c.RepositoryConfigurationDelegate : Bootstrapping Spring Data JDBC repositories in DEFAULT mode.
2025-10-05T16:51:15.628+05:30  INFO 86446 --- [authenticationservice] [           main] .s.d.r.c.RepositoryConfigurationDelegate : Finished Spring Data repository scanning in 6 ms. Found 0 JDBC repository interfaces.
2025-10-05T16:51:15.748+05:30  INFO 86446 --- [authenticationservice] [           main] o.s.cloud.context.scope.GenericScope     : BeanFactory id=9f53791a-1fb8-39b4-a35c-89b997715333
2025-10-05T16:51:16.161+05:30  INFO 86446 --- [authenticationservice] [           main] com.zaxxer.hikari.HikariDataSource       : HikariPool-1 - Starting...
2025-10-05T16:51:16.513+05:30  INFO 86446 --- [authenticationservice] [           main] com.zaxxer.hikari.pool.HikariPool        : HikariPool-1 - Added connection com.mysql.cj.jdbc.ConnectionImpl@6e4e60f5
2025-10-05T16:51:16.514+05:30  INFO 86446 --- [authenticationservice] [           main] com.zaxxer.hikari.HikariDataSource       : HikariPool-1 - Start completed.
2025-10-05T16:51:16.647+05:30  INFO 86446 --- [authenticationservice] [           main] DiscoveryClientOptionalArgsConfiguration : Eureka HTTP Client uses RestTemplate.
2025-10-05T16:51:16.665+05:30  WARN 86446 --- [authenticationservice] [           main] iguration$LoadBalancerCaffeineWarnLogger : Spring Cloud LoadBalancer is currently working with the default cache. While this cache implementation is useful for development and tests, it's recommended to use Caffeine cache in production.You can switch to using Caffeine cache, by adding it and org.springframework.cache.caffeine.CaffeineCacheManager to the classpath.
2025-10-05T16:51:16.676+05:30  INFO 86446 --- [authenticationservice] [           main] o.s.c.n.eureka.InstanceInfoFactory       : Setting initial instance status as: STARTING
2025-10-05T16:51:16.690+05:30  INFO 86446 --- [authenticationservice] [           main] com.netflix.discovery.DiscoveryClient    : Initializing Eureka in region us-east-1
2025-10-05T16:51:16.691+05:30  INFO 86446 --- [authenticationservice] [           main] c.n.d.s.r.aws.ConfigClusterResolver      : Resolving eureka endpoints via configuration
2025-10-05T16:51:16.697+05:30  INFO 86446 --- [authenticationservice] [           main] com.netflix.discovery.DiscoveryClient    : Disable delta property : false
2025-10-05T16:51:16.697+05:30  INFO 86446 --- [authenticationservice] [           main] com.netflix.discovery.DiscoveryClient    : Single vip registry refresh property : null
2025-10-05T16:51:16.697+05:30  INFO 86446 --- [authenticationservice] [           main] com.netflix.discovery.DiscoveryClient    : Force full registry fetch : false
2025-10-05T16:51:16.697+05:30  INFO 86446 --- [authenticationservice] [           main] com.netflix.discovery.DiscoveryClient    : Application is null : false
2025-10-05T16:51:16.697+05:30  INFO 86446 --- [authenticationservice] [           main] com.netflix.discovery.DiscoveryClient    : Registered Applications size is zero : true
2025-10-05T16:51:16.697+05:30  INFO 86446 --- [authenticationservice] [           main] com.netflix.discovery.DiscoveryClient    : Application version is -1: true
2025-10-05T16:51:16.697+05:30  INFO 86446 --- [authenticationservice] [           main] com.netflix.discovery.DiscoveryClient    : Getting all instance registry info from the eureka server
2025-10-05T16:51:17.223+05:30  INFO 86446 --- [authenticationservice] [           main] com.netflix.discovery.DiscoveryClient    : The response status is 200
2025-10-05T16:51:17.224+05:30  INFO 86446 --- [authenticationservice] [           main] com.netflix.discovery.DiscoveryClient    : Starting heartbeat executor: renew interval is: 30
2025-10-05T16:51:17.225+05:30  INFO 86446 --- [authenticationservice] [           main] c.n.discovery.InstanceInfoReplicator     : InstanceInfoReplicator onDemand update allowed rate per min is 4
2025-10-05T16:51:17.226+05:30  INFO 86446 --- [authenticationservice] [           main] com.netflix.discovery.DiscoveryClient    : Discovery Client initialized at timestamp 1759663277225 with initial instances count: 0
2025-10-05T16:51:17.230+05:30  INFO 86446 --- [authenticationservice] [           main] o.s.c.n.e.s.EurekaServiceRegistry        : Registering application AUTHENTICATIONSERVICE with eureka with status UP
2025-10-05T16:51:17.230+05:30  INFO 86446 --- [authenticationservice] [           main] com.netflix.discovery.DiscoveryClient    : Saw local status change event StatusChangeEvent [timestamp=1759663277230, current=UP, previous=STARTING]
2025-10-05T16:51:17.231+05:30  INFO 86446 --- [authenticationservice] [foReplicator-%d] com.netflix.discovery.DiscoveryClient    : DiscoveryClient_AUTHENTICATIONSERVICE/10.170.249.82:authenticationservice:9007: registering service...
2025-10-05T16:51:17.240+05:30  INFO 86446 --- [authenticationservice] [           main] .a.AuthenticationserviceApplicationTests : Started AuthenticationserviceApplicationTests in 4.185 seconds (process running for 4.803)
2025-10-05T16:51:17.451+05:30  INFO 86446 --- [authenticationservice] [foReplicator-%d] com.netflix.discovery.DiscoveryClient    : DiscoveryClient_AUTHENTICATIONSERVICE/10.170.249.82:authenticationservice:9007 - registration status: 204
]]></system-out>
    <system-err><![CDATA[Mockito is currently self-attaching to enable the inline-mock-maker. This will no longer work in future releases of the JDK. Please add Mockito as an agent to your build as described in Mockito's documentation: https://javadoc.io/doc/org.mockito/mockito-core/latest/org.mockito/org/mockito/Mockito.html#0.3
WARNING: A Java agent has been loaded dynamically (/Users/priyanshu/.m2/repository/net/bytebuddy/byte-buddy-agent/1.17.6/byte-buddy-agent-1.17.6.jar)
WARNING: If a serviceability tool is in use, please run with -XX:+EnableDynamicAgentLoading to hide this warning
WARNING: If a serviceability tool is not in use, please run with -Djdk.instrument.traceUsage for more information
WARNING: Dynamic loading of agents will be disallowed by default in a future release
]]></system-err>
  </testcase>
</testsuite>